Using pre-set license
Built from '2020.3/staging' branch; Version is '2020.3.24f1 (79c78de19888) revision 7980941'; Using compiler version '192528614'; Build Type 'Release'
OS: 'Windows 10  (10.0.19044) 64bit Professional' Language: 'en' Physical Memory: 16328 MB
BatchMode: 1, IsHumanControllingUs: 0, StartBugReporterOnCrash: 0, Is64bit: 1, IsPro: 0

COMMAND LINE ARGUMENTS:
C:\Program Files\Unity\Hub\Editor\2020.3.24f1\Editor\Unity.exe
-adb2
-batchMode
-noUpm
-name
AssetImportWorker0
-projectPath
C:/coder-token-main/tabekana/Tabekana
-logFile
Logs/AssetImportWorker0.log
-srvPort
52542
Successfully changed project path to: C:/coder-token-main/tabekana/Tabekana
C:/coder-token-main/tabekana/Tabekana
Using Asset Import Pipeline V2.
Refreshing native plugins compatible for Editor in 78.33 ms, found 2 plugins.
Preloading 0 native plugins for Editor in 0.00 ms.
Initialize engine version: 2020.3.24f1 (79c78de19888)
[Subsystems] Discovering subsystems at path C:/Program Files/Unity/Hub/Editor/2020.3.24f1/Editor/Data/Resources/UnitySubsystems
[Subsystems] Discovering subsystems at path C:/coder-token-main/tabekana/Tabekana/Assets
GfxDevice: creating device client; threaded=0
Direct3D:
    Version:  Direct3D 11.0 [level 11.1]
    Renderer: NVIDIA GeForce GTX 1080 (ID=0x1b80)
    Vendor:   
    VRAM:     8079 MB
    Driver:   30.0.15.1123
Initialize mono
Mono path[0] = 'C:/Program Files/Unity/Hub/Editor/2020.3.24f1/Editor/Data/Managed'
Mono path[1] = 'C:/Program Files/Unity/Hub/Editor/2020.3.24f1/Editor/Data/MonoBleedingEdge/lib/mono/unityjit'
Mono config path = 'C:/Program Files/Unity/Hub/Editor/2020.3.24f1/Editor/Data/MonoBleedingEdge/etc'
Using monoOptions --debugger-agent=transport=dt_socket,embedding=1,server=y,suspend=n,address=127.0.0.1:56320
Begin MonoManager ReloadAssembly
Registering precompiled unity dll's ...
Register platform support module: C:/Program Files/Unity/Hub/Editor/2020.3.24f1/Editor/Data/PlaybackEngines/WindowsStandaloneSupport/UnityEditor.WindowsStandalone.Extensions.dll
Registered in 0.005863 seconds.
Native extension for WindowsStandalone target not found
Refreshing native plugins compatible for Editor in 74.45 ms, found 2 plugins.
Preloading 0 native plugins for Editor in 0.00 ms.
Mono: successfully reloaded assembly
- Completed reload, in  0.969 seconds
Domain Reload Profiling:
	ReloadAssembly (970ms)
		BeginReloadAssembly (83ms)
			ExecutionOrderSort (0ms)
			DisableScriptedObjects (0ms)
			BackupInstance (0ms)
			ReleaseScriptingObjects (0ms)
			CreateAndSetChildDomain (1ms)
		EndReloadAssembly (760ms)
			LoadAssemblies (81ms)
			RebuildTransferFunctionScriptingTraits (0ms)
			SetupTypeCache (299ms)
			ReleaseScriptCaches (0ms)
			RebuildScriptCaches (36ms)
			SetupLoadedEditorAssemblies (250ms)
				LogAssemblyErrors (0ms)
				InitializePlatformSupportModulesInManaged (5ms)
				SetLoadedEditorAssemblies (0ms)
				RefreshPlugins (75ms)
				BeforeProcessingInitializeOnLoad (19ms)
				ProcessInitializeOnLoadAttributes (122ms)
				ProcessInitializeOnLoadMethodAttributes (28ms)
				AfterProcessingInitializeOnLoad (0ms)
				EditorAssembliesLoaded (0ms)
			ExecutionOrderSort2 (0ms)
			AwakeInstancesAfterBackupRestoration (0ms)
Platform modules already initialized, skipping
Registering precompiled user dll's ...
Registered in 0.007529 seconds.
Begin MonoManager ReloadAssembly
Native extension for WindowsStandalone target not found
Refreshing native plugins compatible for Editor in 0.70 ms, found 2 plugins.
Preloading 0 native plugins for Editor in 0.00 ms.
Mono: successfully reloaded assembly
- Completed reload, in  1.476 seconds
Domain Reload Profiling:
	ReloadAssembly (1477ms)
		BeginReloadAssembly (176ms)
			ExecutionOrderSort (0ms)
			DisableScriptedObjects (11ms)
			BackupInstance (0ms)
			ReleaseScriptingObjects (0ms)
			CreateAndSetChildDomain (22ms)
		EndReloadAssembly (1215ms)
			LoadAssemblies (130ms)
			RebuildTransferFunctionScriptingTraits (0ms)
			SetupTypeCache (420ms)
			ReleaseScriptCaches (1ms)
			RebuildScriptCaches (62ms)
			SetupLoadedEditorAssemblies (485ms)
				LogAssemblyErrors (0ms)
				InitializePlatformSupportModulesInManaged (4ms)
				SetLoadedEditorAssemblies (0ms)
				RefreshPlugins (1ms)
				BeforeProcessingInitializeOnLoad (99ms)
				ProcessInitializeOnLoadAttributes (305ms)
				ProcessInitializeOnLoadMethodAttributes (62ms)
				AfterProcessingInitializeOnLoad (12ms)
				EditorAssembliesLoaded (0ms)
			ExecutionOrderSort2 (0ms)
			AwakeInstancesAfterBackupRestoration (8ms)
Platform modules already initialized, skipping
========================================================================
Worker process is ready to serve import requests
Launched and connected shader compiler UnityShaderCompiler.exe after 0.08 seconds
Refreshing native plugins compatible for Editor in 1.90 ms, found 2 plugins.
Preloading 0 native plugins for Editor in 0.00 ms.
Unloading 2378 Unused Serialized files (Serialized files now loaded: 0)
System memory in use before: 92.3 MB.
System memory in use after: 92.5 MB.

Unloading 60 unused Assets to reduce memory usage. Loaded Objects now: 2779.
Total: 5.943100 ms (FindLiveObjects: 0.227000 ms CreateObjectMapping: 0.110600 ms MarkObjects: 5.531600 ms  DeleteObjects: 0.073000 ms)

AssetImportParameters requested are different than current active one (requested -> active):
  custom:framework-win-MediaFoundation: 216162199b28c13a410421893ffa2e32 -> 
  custom:video-decoder-ogg-theora: a1e56fd34408186e4bbccfd4996cb3dc -> 
  custom:container-muxer-webm: aa71ff27fc2769a1b78a27578f13a17b -> 
  custom:container-demuxer-webm: 4f35f7cbe854078d1ac9338744f61a02 -> 
  custom:container-demuxer-ogg: 62fdf1f143b41e24485cea50d1cbac27 -> 
  custom:video-encoder-webm-vp8: eb34c28f22e8b96e1ab97ce403110664 -> 
  custom:video-decoder-webm-vp8: 9c59270c3fd7afecdb556c50c9e8de78 -> 
  custom:audio-decoder-ogg-vorbis: bf7c407c2cedff20999df2af8eb42d56 -> 
  custom:audio-encoder-webm-vorbis: bf7c407c2cedff20999df2af8eb42d56 -> 
========================================================================
Received Import Request.
  path: Assets/Scenes
  artifactKey: Guid(636250d8e9d5b4c5e885d6b70ed74e0a) Importer(815301076,1909f56bfc062723c751e8b465ee728b)
Start importing Assets/Scenes using Guid(636250d8e9d5b4c5e885d6b70ed74e0a) Importer(815301076,1909f56bfc062723c751e8b465ee728b)  -> (artifact id: '5d7eb3991f0f901ceb3e8574a246af62') in 0.009088 seconds 
  Import took 0.012311 seconds .

========================================================================
Received Import Request.
  Time since last request: 14.334256 seconds.
  path: Assets/Scenes/MainMenu.unity
  artifactKey: Guid(5f0fe6c02f1b74e208b52d976d455315) Importer(815301076,1909f56bfc062723c751e8b465ee728b)
Start importing Assets/Scenes/MainMenu.unity using Guid(5f0fe6c02f1b74e208b52d976d455315) Importer(815301076,1909f56bfc062723c751e8b465ee728b)  -> (artifact id: '5ae6dff69c0d4c6eadbbce72b7ec9b3f') in 0.020534 seconds 
  Import took 0.026588 seconds .

========================================================================
Received Import Request.
  Time since last request: 79.141321 seconds.
  path: Assets/Scenes/LevelInfo.unity
  artifactKey: Guid(3dbd6bcb424d845aeb3dc228d0a7d44a) Importer(815301076,1909f56bfc062723c751e8b465ee728b)
Start importing Assets/Scenes/LevelInfo.unity using Guid(3dbd6bcb424d845aeb3dc228d0a7d44a) Importer(815301076,1909f56bfc062723c751e8b465ee728b)  -> (artifact id: '786d5c989fce3ffc5b3ab2be11f0bb65') in 0.009418 seconds 
  Import took 0.014522 seconds .

========================================================================
Received Import Request.
  Time since last request: 1.362556 seconds.
  path: Assets/Scenes/LessonChooser.unity
  artifactKey: Guid(5ad8d076b734a410d9b61ea6c41ebf9b) Importer(815301076,1909f56bfc062723c751e8b465ee728b)
Start importing Assets/Scenes/LessonChooser.unity using Guid(5ad8d076b734a410d9b61ea6c41ebf9b) Importer(815301076,1909f56bfc062723c751e8b465ee728b)  -> (artifact id: '1dc5af901ff099399174bfd644e51bd2') in 0.009126 seconds 
  Import took 0.014219 seconds .

========================================================================
Received Prepare
Registering precompiled user dll's ...
Registered in 0.013260 seconds.
Begin MonoManager ReloadAssembly
Native extension for WindowsStandalone target not found
Refreshing native plugins compatible for Editor in 0.86 ms, found 2 plugins.
Preloading 0 native plugins for Editor in 0.00 ms.
Mono: successfully reloaded assembly
- Completed reload, in  1.461 seconds
Domain Reload Profiling:
	ReloadAssembly (1461ms)
		BeginReloadAssembly (179ms)
			ExecutionOrderSort (0ms)
			DisableScriptedObjects (7ms)
			BackupInstance (0ms)
			ReleaseScriptingObjects (0ms)
			CreateAndSetChildDomain (59ms)
		EndReloadAssembly (1179ms)
			LoadAssemblies (134ms)
			RebuildTransferFunctionScriptingTraits (0ms)
			SetupTypeCache (380ms)
			ReleaseScriptCaches (1ms)
			RebuildScriptCaches (42ms)
			SetupLoadedEditorAssemblies (494ms)
				LogAssemblyErrors (0ms)
				InitializePlatformSupportModulesInManaged (6ms)
				SetLoadedEditorAssemblies (1ms)
				RefreshPlugins (1ms)
				BeforeProcessingInitializeOnLoad (112ms)
				ProcessInitializeOnLoadAttributes (301ms)
				ProcessInitializeOnLoadMethodAttributes (62ms)
				AfterProcessingInitializeOnLoad (12ms)
				EditorAssembliesLoaded (0ms)
			ExecutionOrderSort2 (0ms)
			AwakeInstancesAfterBackupRestoration (9ms)
Platform modules already initialized, skipping
Refreshing native plugins compatible for Editor in 1.06 ms, found 2 plugins.
Preloading 0 native plugins for Editor in 0.00 ms.
Unloading 2371 Unused Serialized files (Serialized files now loaded: 0)
System memory in use before: 92.2 MB.
System memory in use after: 92.4 MB.

Unloading 51 unused Assets to reduce memory usage. Loaded Objects now: 2781.
Total: 7.486900 ms (FindLiveObjects: 0.251700 ms CreateObjectMapping: 0.162300 ms MarkObjects: 7.032600 ms  DeleteObjects: 0.039000 ms)

AssetImportParameters requested are different than current active one (requested -> active):
  custom:framework-win-MediaFoundation: 216162199b28c13a410421893ffa2e32 -> 
  custom:video-decoder-ogg-theora: a1e56fd34408186e4bbccfd4996cb3dc -> 
  custom:container-muxer-webm: aa71ff27fc2769a1b78a27578f13a17b -> 
  custom:container-demuxer-webm: 4f35f7cbe854078d1ac9338744f61a02 -> 
  custom:container-demuxer-ogg: 62fdf1f143b41e24485cea50d1cbac27 -> 
  custom:video-encoder-webm-vp8: eb34c28f22e8b96e1ab97ce403110664 -> 
  custom:video-decoder-webm-vp8: 9c59270c3fd7afecdb556c50c9e8de78 -> 
  custom:audio-decoder-ogg-vorbis: bf7c407c2cedff20999df2af8eb42d56 -> 
  custom:audio-encoder-webm-vorbis: bf7c407c2cedff20999df2af8eb42d56 -> 
========================================================================
Received Import Request.
  Time since last request: 9.462312 seconds.
  path: Assets/Scenes/Old - not relevant
  artifactKey: Guid(a6bb84c3a80134fec90906a7a6b2e5d7) Importer(815301076,1909f56bfc062723c751e8b465ee728b)
Start importing Assets/Scenes/Old - not relevant using Guid(a6bb84c3a80134fec90906a7a6b2e5d7) Importer(815301076,1909f56bfc062723c751e8b465ee728b)  -> (artifact id: 'aebae9cadfb1c4fee89f4d9f83b15b5f') in 0.014465 seconds 
  Import took 0.019703 seconds .

========================================================================
Received Import Request.
  Time since last request: 3.236914 seconds.
  path: Assets/Scripts
  artifactKey: Guid(d89f37c333369405b8d044e424ad9227) Importer(815301076,1909f56bfc062723c751e8b465ee728b)
Start importing Assets/Scripts using Guid(d89f37c333369405b8d044e424ad9227) Importer(815301076,1909f56bfc062723c751e8b465ee728b)  -> (artifact id: 'c3662c34a2a256bb1440a44532e77695') in 0.009964 seconds 
  Import took 0.015611 seconds .

========================================================================
Received Import Request.
  Time since last request: 6.726444 seconds.
  path: Assets/Scripts/LevelLoader.cs
  artifactKey: Guid(02630a2c545e6414da4310b7ceae1ba9) Importer(815301076,1909f56bfc062723c751e8b465ee728b)
Start importing Assets/Scripts/LevelLoader.cs using Guid(02630a2c545e6414da4310b7ceae1ba9) Importer(815301076,1909f56bfc062723c751e8b465ee728b)  -> (artifact id: 'ecad910cabff9f03c55cac7957b92a0e') in 0.047900 seconds 
  Import took 0.054811 seconds .

========================================================================
Received Import Request.
  Time since last request: 7.516247 seconds.
  path: Assets/Scripts/LevelInfo
  artifactKey: Guid(f731d4d1deb064121b0f8c910f4e9fff) Importer(815301076,1909f56bfc062723c751e8b465ee728b)
Start importing Assets/Scripts/LevelInfo using Guid(f731d4d1deb064121b0f8c910f4e9fff) Importer(815301076,1909f56bfc062723c751e8b465ee728b)  -> (artifact id: 'e0760eeb46a0a859e6c0ef7f40116d4d') in 0.006984 seconds 
  Import took 0.010680 seconds .

AssetImportWorkerClient::OnTransportError - code=2 error=End of file
